<?xml version="1.0" encoding="UTF-8"?>
<!-- Generated by org.testng.reporters.JUnitReportReporter -->
<testsuite skipped="0" hostname="DESKTOP-TA6EE9O" name="com.webdriverlearn.actionex.ActionsRunner" tests="1" failures="0" timestamp="09 Apr 2020 11:03:52 GMT" time="18.207" errors="0">
  <testcase name="feature" time="18.207" classname="com.webdriverlearn.actionex.ActionsRunner"/>
</testsuite> <!-- com.webdriverlearn.actionex.ActionsRunner -->
