<?xml version="1.0" encoding="UTF-8"?>
<!-- Generated by org.testng.reporters.JUnitReportReporter -->
<testsuite skipped="0" hostname="DESKTOP-TA6EE9O" name="com.webdriverlearn.featurefn.BrowserRunnerFn" tests="1" failures="0" timestamp="06 Apr 2020 12:03:41 GMT" time="42.514" errors="0">
  <testcase name="feature" time="42.514" classname="com.webdriverlearn.featurefn.BrowserRunnerFn"/>
</testsuite> <!-- com.webdriverlearn.featurefn.BrowserRunnerFn -->
