<?xml version="1.0" encoding="UTF-8"?>
<!-- Generated by org.testng.reporters.JUnitReportReporter -->
<testsuite skipped="0" hostname="DESKTOP-TA6EE9O" name="com.webdriverlearn.framesex.WindowRunnerButton" tests="1" failures="0" timestamp="07 Apr 2020 15:00:02 GMT" time="42.218" errors="0">
  <testcase name="feature" time="42.218" classname="com.webdriverlearn.framesex.WindowRunnerButton"/>
</testsuite> <!-- com.webdriverlearn.framesex.WindowRunnerButton -->
