<?xml version="1.0" encoding="UTF-8"?>
<!-- Generated by org.testng.reporters.JUnitReportReporter -->
<testsuite skipped="0" hostname="DESKTOP-TA6EE9O" name="com.webdriverlearn.custom.CustomSearchRunner" tests="2" failures="0" timestamp="13 Apr 2020 14:30:22 GMT" time="64.945" errors="0">
  <testcase name="feature" time="24.683" classname="com.webdriverlearn.custom.CustomSearchRunner"/>
  <testcase name="feature" time="40.262" classname="com.webdriverlearn.custom.CustomSearchRunner"/>
</testsuite> <!-- com.webdriverlearn.custom.CustomSearchRunner -->
