<?xml version="1.0" encoding="UTF-8"?>
<!-- Generated by org.testng.reporters.JUnitReportReporter -->
<testsuite skipped="0" hostname="DESKTOP-TA6EE9O" name="com.webdriver.runner.RunnerWithSearch" tests="1" failures="0" timestamp="13 Apr 2020 14:39:35 GMT" time="30.210" errors="0">
  <testcase name="feature" time="30.210" classname="com.webdriver.runner.RunnerWithSearch"/>
</testsuite> <!-- com.webdriver.runner.RunnerWithSearch -->
