<?xml version="1.0" encoding="UTF-8"?>
<!-- Generated by org.testng.reporters.JUnitReportReporter -->
<testsuite skipped="0" hostname="DESKTOP-TA6EE9O" name="com.webdriverlearn.custom.CustomSearchRunnerWithTag" tests="1" failures="0" timestamp="13 Apr 2020 06:31:28 GMT" time="22.987" errors="0">
  <testcase name="feature" time="22.987" classname="com.webdriverlearn.custom.CustomSearchRunnerWithTag"/>
</testsuite> <!-- com.webdriverlearn.custom.CustomSearchRunnerWithTag -->
