<?xml version="1.0" encoding="UTF-8"?>
<!-- Generated by org.testng.reporters.JUnitReportReporter -->
<testsuite skipped="0" hostname="DESKTOP-TA6EE9O" name="com.webdriverlearn.pgfactory.BugRunner" tests="1" failures="0" timestamp="12 Apr 2020 13:57:50 GMT" time="153.162" errors="0">
  <testcase name="feature" time="153.162" classname="com.webdriverlearn.pgfactory.BugRunner"/>
</testsuite> <!-- com.webdriverlearn.pgfactory.BugRunner -->
