<?xml version="1.0" encoding="UTF-8"?>
<!-- Generated by org.testng.reporters.JUnitReportReporter -->
<testsuite skipped="0" hostname="DESKTOP-TA6EE9O" name="com.webdriverlearn.framesex.FrameRunner" tests="1" failures="0" timestamp="07 Apr 2020 13:29:13 GMT" time="26.194" errors="0">
  <testcase name="feature" time="26.194" classname="com.webdriverlearn.framesex.FrameRunner"/>
</testsuite> <!-- com.webdriverlearn.framesex.FrameRunner -->
