<?xml version="1.0" encoding="UTF-8"?>
<!-- Generated by org.testng.reporters.JUnitReportReporter -->
<testsuite skipped="0" hostname="DESKTOP-TA6EE9O" name="com.webdriver.runner.XLRunner" tests="1" failures="0" timestamp="12 Apr 2020 10:54:12 GMT" time="37.980" errors="0">
  <testcase name="feature" time="37.980" classname="com.webdriver.runner.XLRunner"/>
</testsuite> <!-- com.webdriver.runner.XLRunner -->
