<?xml version="1.0" encoding="UTF-8"?>
<!-- Generated by org.testng.reporters.JUnitReportReporter -->
<testsuite skipped="0" hostname="DESKTOP-TA6EE9O" name="com.webdriverlearn.datadriven.MultiDataRunner" tests="1" failures="0" timestamp="12 Apr 2020 11:19:01 GMT" time="37.012" errors="0">
  <testcase name="feature" time="37.012" classname="com.webdriverlearn.datadriven.MultiDataRunner"/>
</testsuite> <!-- com.webdriverlearn.datadriven.MultiDataRunner -->
