<?xml version="1.0" encoding="UTF-8"?>
<!-- Generated by org.testng.reporters.JUnitReportReporter -->
<testsuite skipped="0" hostname="DESKTOP-TA6EE9O" name="com.webdriverlearn.alertsex.AlertRunner" tests="1" failures="0" timestamp="09 Apr 2020 18:04:00 GMT" time="158.982" errors="0">
  <testcase name="feature" time="158.982" classname="com.webdriverlearn.alertsex.AlertRunner"/>
</testsuite> <!-- com.webdriverlearn.alertsex.AlertRunner -->
