<?xml version="1.0" encoding="UTF-8"?>
<!-- Generated by org.testng.reporters.JUnitReportReporter -->
<testsuite skipped="0" hostname="DESKTOP-TA6EE9O" name="com.webdriverlearn.excelpart.ExcelRun" tests="1" failures="0" timestamp="11 Apr 2020 16:16:24 GMT" time="1.158" errors="0">
  <testcase name="feature" time="1.158" classname="com.webdriverlearn.excelpart.ExcelRun"/>
</testsuite> <!-- com.webdriverlearn.excelpart.ExcelRun -->
