<?xml version="1.0" encoding="UTF-8"?>
<!-- Generated by org.testng.reporters.JUnitReportReporter -->
<testsuite skipped="0" hostname="DESKTOP-TA6EE9O" name="com.webdriverlearn.custom.CustomSearchRunner" tests="2" failures="0" timestamp="13 Apr 2020 06:02:59 GMT" time="53.619" errors="0">
  <testcase name="feature" time="34.482" classname="com.webdriverlearn.custom.CustomSearchRunner"/>
  <testcase name="feature" time="19.137" classname="com.webdriverlearn.custom.CustomSearchRunner"/>
</testsuite> <!-- com.webdriverlearn.custom.CustomSearchRunner -->
