<?xml version="1.0" encoding="UTF-8"?>
<!-- Generated by org.testng.reporters.JUnitReportReporter -->
<testsuite skipped="0" hostname="DESKTOP-TA6EE9O" name="com.webdriverlearn.custom.SearchRunner" tests="2" failures="0" timestamp="12 Apr 2020 14:12:20 GMT" time="101.891" errors="0">
  <testcase name="feature" time="22.410" classname="com.webdriverlearn.custom.SearchRunner"/>
  <testcase name="feature" time="79.481" classname="com.webdriverlearn.custom.SearchRunner"/>
</testsuite> <!-- com.webdriverlearn.custom.SearchRunner -->
