<?xml version="1.0" encoding="UTF-8"?>
<!-- Generated by org.testng.reporters.JUnitReportReporter -->
<testsuite skipped="0" hostname="DESKTOP-TA6EE9O" name="com.webdriverlearn.testsome.TestRun" tests="1" failures="0" timestamp="08 Apr 2020 10:35:41 GMT" time="0.250" errors="0">
  <testcase name="feature" time="0.250" classname="com.webdriverlearn.testsome.TestRun"/>
</testsuite> <!-- com.webdriverlearn.testsome.TestRun -->
