<?xml version="1.0" encoding="UTF-8"?>
<!-- Generated by org.testng.reporters.JUnitReportReporter -->
<testsuite skipped="0" hostname="DESKTOP-TA6EE9O" name="com.webdriverlearn.webelementsfn.FbRunner" tests="1" failures="0" timestamp="07 Apr 2020 06:26:37 GMT" time="134.393" errors="0">
  <testcase name="feature" time="134.393" classname="com.webdriverlearn.webelementsfn.FbRunner"/>
</testsuite> <!-- com.webdriverlearn.webelementsfn.FbRunner -->
