<?xml version="1.0" encoding="UTF-8"?>
<!-- Generated by org.testng.reporters.JUnitReportReporter -->
<testsuite skipped="0" hostname="DESKTOP-TA6EE9O" name="com.webdriverlearn.featurefn.WaitRunnerFunction" tests="1" failures="0" timestamp="07 Apr 2020 10:18:17 GMT" time="86.404" errors="0">
  <testcase name="feature" time="86.404" classname="com.webdriverlearn.featurefn.WaitRunnerFunction"/>
</testsuite> <!-- com.webdriverlearn.featurefn.WaitRunnerFunction -->
