<?xml version="1.0" encoding="UTF-8"?>
<!-- Generated by org.testng.reporters.JUnitReportReporter -->
<testsuite skipped="0" hostname="DESKTOP-TA6EE9O" name="com.webdriver.runner.AlertsRunner" tests="1" failures="0" timestamp="12 Apr 2020 10:27:13 GMT" time="33.917" errors="0">
  <testcase name="feature" time="33.917" classname="com.webdriver.runner.AlertsRunner"/>
</testsuite> <!-- com.webdriver.runner.AlertsRunner -->
