<?xml version="1.0" encoding="UTF-8"?>
<!-- Generated by org.testng.reporters.JUnitReportReporter -->
<testsuite skipped="0" hostname="DESKTOP-TA6EE9O" name="com.webdriverlearn.pages.BugRunner" tests="1" failures="0" timestamp="10 Apr 2020 10:38:40 GMT" time="28.492" errors="0">
  <testcase name="feature" time="28.492" classname="com.webdriverlearn.pages.BugRunner"/>
</testsuite> <!-- com.webdriverlearn.pages.BugRunner -->
