<?xml version="1.0" encoding="UTF-8"?>
<!-- Generated by org.testng.reporters.JUnitReportReporter -->
<testsuite skipped="0" hostname="DESKTOP-TA6EE9O" name="com.webdriver.runner.XLRunner" tests="1" failures="0" timestamp="13 Apr 2020 11:22:28 GMT" time="83.655" errors="0">
  <testcase name="feature" time="83.655" classname="com.webdriver.runner.XLRunner"/>
</testsuite> <!-- com.webdriver.runner.XLRunner -->
