<?xml version="1.0" encoding="UTF-8"?>
<!-- Generated by org.testng.reporters.JUnitReportReporter -->
<testsuite skipped="0" hostname="DESKTOP-TA6EE9O" name="com.webdriver.runner.AlertsRunner" tests="1" failures="0" timestamp="13 Apr 2020 11:22:14 GMT" time="74.607" errors="0">
  <testcase name="feature" time="74.607" classname="com.webdriver.runner.AlertsRunner"/>
</testsuite> <!-- com.webdriver.runner.AlertsRunner -->
