<?xml version="1.0" encoding="UTF-8"?>
<!-- Generated by org.testng.reporters.JUnitReportReporter -->
<testsuite skipped="1" hostname="DESKTOP-TA6EE9O" name="com.webdriver.runner.SearchEngineRunner" tests="1" failures="0" timestamp="13 Apr 2020 14:27:12 GMT" time="0.000" errors="0">
  <testcase name="feature" time="0.000" classname="com.webdriver.runner.SearchEngineRunner">
    <skipped/>
  </testcase> <!-- feature -->
</testsuite> <!-- com.webdriver.runner.SearchEngineRunner -->
