<?xml version="1.0" encoding="UTF-8"?>
<!-- Generated by org.testng.reporters.JUnitReportReporter -->
<testsuite skipped="0" hostname="DESKTOP-TA6EE9O" name="com.webdriver.runner.XLRunner" tests="1" failures="0" timestamp="13 Apr 2020 10:29:37 GMT" time="69.265" errors="0">
  <testcase name="feature" time="69.265" classname="com.webdriver.runner.XLRunner"/>
</testsuite> <!-- com.webdriver.runner.XLRunner -->
