<?xml version="1.0" encoding="UTF-8"?>
<!-- Generated by org.testng.reporters.JUnitReportReporter -->
<testsuite skipped="0" hostname="DESKTOP-TA6EE9O" name="com.webdriver.genericRunner.SearchEngineRunner" tests="1" failures="0" timestamp="13 Apr 2020 10:28:21 GMT" time="0.420" errors="0">
  <testcase name="feature" time="0.420" classname="com.webdriver.genericRunner.SearchEngineRunner"/>
</testsuite> <!-- com.webdriver.genericRunner.SearchEngineRunner -->
